#
# A fatal error has been detected by the Java Runtime Environment:
#
#  EXCEPTION_ACCESS_VIOLATION (0xc0000005) at pc=0x00000000597973a4, pid=5240, tid=3116
#
# JRE version: Java(TM) SE Runtime Environment (10.0.2+13) (build 10.0.2+13)
# Java VM: Java HotSpot(TM) 64-Bit Server VM (10.0.2+13, mixed mode, tiered, compressed oops, g1 gc, windows-amd64)
# Problematic frame:
# V  [jvm.dll+0xc73a4]
#
# No core dump will be written. Minidumps are not enabled by default on client versions of Windows
#
# If you would like to submit a bug report, please visit:
#   http://bugreport.java.com/bugreport/crash.jsp
#

---------------  S U M M A R Y ------------

Command Line: -Dclassworlds.conf=C:\Program Files\apache-maven-3.6.2\bin\..\bin\m2.conf -Dmaven.home=C:\Program Files\apache-maven-3.6.2\bin\.. -Dlibrary.jansi.path=C:\Program Files\apache-maven-3.6.2\bin\..\lib\jansi-native -Dmaven.multiModuleProjectDirectory=C:\Users\Вова\IdeaProjects\task_1_netcracker org.codehaus.plexus.classworlds.launcher.Launcher clean install

Host: Intel(R) Core(TM) i5-3230M CPU @ 2.60GHz, 4 cores, 5G,  Windows 8.1 , 64 bit Build 9600 (6.3.9600.17415)
Time: Sun Oct 27 16:27:11 2019 RTZ 2 (ceia) elapsed time: 3 seconds (0d 0h 0m 3s)

---------------  T H R E A D  ---------------

Current thread (0x00000063daccc000):  GCTaskThread "GC Thread#2" [stack: 0x00000063f5440000,0x00000063f5540000] [id=3116]

Stack: [0x00000063f5440000,0x00000063f5540000],  sp=0x00000063f553f818,  free space=1022k
Native frames: (J=compiled Java code, j=interpreted, Vv=VM code, C=native code)
V  [jvm.dll+0xc73a4]


siginfo: EXCEPTION_ACCESS_VIOLATION (0xc0000005), reading address 0x0000000000000110


Register to memory mapping:

RIP=0x00000000597973a4 jvm.dll
RAX=0x0000000000000000 is an unknown value
RBX=0x0000000000000000 is an unknown value
RCX=0x0000000100012cb8 is pointing into metadata
RDX=
[error occurred during error reporting (printing register info), id 0xc0000005]

Registers:
RAX=0x0000000000000000, RBX=0x0000000000000000, RCX=0x0000000100012cb8, RDX=0x00000000a5b00288
RSP=0x00000063f553f818, RBP=0x00000063d941c81d, RSI=0x0000006380279590, RDI=0x00000000a4a66384
R8 =0x0000000000000000, R9 =0x0000000100012cb8, R10=0x00000001000010c8, R11=0x00000000a4931db8
R12=0x00000063dacba8a0, R13=0x0000000000000000, R14=0x00000063d9338ca8, R15=0x00000000a5b00288
RIP=0x00000000597973a4, EFLAGS=0x0000000000010246

Top of Stack: (sp=0x00000063f553f818)
0x00000063f553f818:   00000000599c719e 0000000000000001
0x00000063f553f828:   00000063d941c80d 0000006380279590
0x00000063f553f838:   00000000a4a663b8 00000063f553f8c0
0x00000063f553f848:   0000000000000000 00000063d9338ca0
0x00000063f553f858:   00000000599c5f1a 0000000000000002
0x00000063f553f868:   00000063d941c815 00000000a4931e54
0x00000063f553f878:   0000000000000000 00000063d9338ca8
0x00000063f553f888:   0000000000000000 00000063dacba8a0
0x00000063f553f898:   0000006380279590 00000063dad49e20
0x00000063f553f8a8:   000000005998fd2e 00000063d9338c01
0x00000063f553f8b8:   0000000000001b01 0000000000000e42
0x00000063f553f8c8:   0000000000000000 00000063d9338ca0
0x00000063f553f8d8:   00000000599c7cde 000000000000143a
0x00000063f553f8e8:   0000000000000002 0000006380279590
0x00000063f553f8f8:   00000063dacc4560 0000000059e865a0
0x00000063f553f908:   0000000000000000 00000063dacbea60 

Instructions: (pc=0x00000000597973a4)
0x0000000059797384:   e2 49 8d 0c 11 0f b6 c0 49 f7 d1 48 03 c1 49 c1
0x0000000059797394:   e9 03 48 c1 e8 03 41 23 c1 c3 49 8b 01 49 8b c9
0x00000000597973a4:   48 ff a0 10 01 00 00 cc cc cc cc cc 8b 05 8a 95
0x00000000597973b4:   90 00 83 c0 36 c3 cc cc cc cc cc cc 48 8b 49 70 



---------------  P R O C E S S  ---------------

Threads class SMR info:
_java_thread_list=0x00000063fd361830, length=11, elements={
0x00000063d941c800, 0x00000063fc747800, 0x00000063fc751000, 0x00000063fc79d800,
0x00000063fc79e800, 0x00000063fc7a3800, 0x00000063fc7ae000, 0x00000063fc7b2800,
0x00000063fc7bb000, 0x00000063fd362000, 0x00000063fd369800
}

Java Threads: ( => current thread )
  0x00000063d941c800 JavaThread "main" [_thread_blocked, id=7628, stack(0x00000063dabb0000,0x00000063dacb0000)]
  0x00000063fc747800 JavaThread "Reference Handler" daemon [_thread_blocked, id=7868, stack(0x00000063fc8f0000,0x00000063fc9f0000)]
  0x00000063fc751000 JavaThread "Finalizer" daemon [_thread_blocked, id=7872, stack(0x00000063fc9f0000,0x00000063fcaf0000)]
  0x00000063fc79d800 JavaThread "Signal Dispatcher" daemon [_thread_blocked, id=7876, stack(0x00000063fcbd0000,0x00000063fccd0000)]
  0x00000063fc79e800 JavaThread "Attach Listener" daemon [_thread_blocked, id=4676, stack(0x00000063fccd0000,0x00000063fcdd0000)]
  0x00000063fc7a3800 JavaThread "C2 CompilerThread0" daemon [_thread_blocked, id=8160, stack(0x00000063fcdd0000,0x00000063fced0000)]
  0x00000063fc7ae000 JavaThread "C2 CompilerThread1" daemon [_thread_blocked, id=4696, stack(0x00000063fced0000,0x00000063fcfd0000)]
  0x00000063fc7b2800 JavaThread "C1 CompilerThread2" daemon [_thread_blocked, id=7760, stack(0x00000063fcfd0000,0x00000063fd0d0000)]
  0x00000063fc7bb000 JavaThread "Sweeper thread" daemon [_thread_blocked, id=6964, stack(0x00000063fd0d0000,0x00000063fd1d0000)]
  0x00000063fd362000 JavaThread "Service Thread" daemon [_thread_blocked, id=7736, stack(0x00000063fd5d0000,0x00000063fd6d0000)]
  0x00000063fd369800 JavaThread "Common-Cleaner" daemon [_thread_blocked, id=3380, stack(0x00000063fd6d0000,0x00000063fd7d0000)]

Other Threads:
  0x00000063fc741000 VMThread "VM Thread" [stack: 0x00000063fc7f0000,0x00000063fc8f0000] [id=7764]
  0x00000063fd36c800 WatcherThread [stack: 0x00000063fd7d0000,0x00000063fd8d0000] [id=8184]
  0x00000063dacc8000 GCTaskThread "GC Thread#0" [stack: 0x00000063f5240000,0x00000063f5340000] [id=808]
  0x00000063dacc9800 GCTaskThread "GC Thread#1" [stack: 0x00000063f5340000,0x00000063f5440000] [id=884]
=>0x00000063daccc000 GCTaskThread "GC Thread#2" [stack: 0x00000063f5440000,0x00000063f5540000] [id=3116]
  0x00000063daccf000 GCTaskThread "GC Thread#3" [stack: 0x00000063f5540000,0x00000063f5640000] [id=7752]
  0x00000063dad21000 ConcurrentGCThread "G1 Main Marker" [stack: 0x00000063f92a0000,0x00000063f93a0000] [id=7768]
  0x00000063dad27000 ConcurrentGCThread "G1 Conc#0" [stack: 0x00000063f93a0000,0x00000063f94a0000] [id=7772]
  0x00000063dad8e800 ConcurrentGCThread "G1 Refine#0" [stack: 0x00000063fb8f0000,0x00000063fb9f0000] [id=7740]
  0x00000063dad8f800 ConcurrentGCThread "G1 Refine#1" [stack: 0x00000063fb9f0000,0x00000063fbaf0000] [id=7776]
  0x00000063dad90800 ConcurrentGCThread "G1 Refine#2" [stack: 0x00000063fbaf0000,0x00000063fbbf0000] [id=7780]
  0x00000063dad91800 ConcurrentGCThread "G1 Refine#3" [stack: 0x00000063fbbf0000,0x00000063fbcf0000] [id=7784]
  0x00000063dad95800 ConcurrentGCThread "G1 Young RemSet Sampling" [stack: 0x00000063fbcf0000,0x00000063fbdf0000] [id=7788]

Threads with active compile tasks:

VM state:at safepoint (normal execution)

VM Mutex/Monitor currently owned by a thread:  ([mutex/lock_event])
[0x00000063d941bf70] Threads_lock - owner thread: 0x00000063fc741000
[0x00000063d941b160] Heap_lock - owner thread: 0x00000063d941c800

Heap address: 0x00000000a1c00000, size: 1508 MB, Compressed Oops mode: 32-bit
Narrow klass base: 0x0000000000000000, Narrow klass shift: 3
Compressed class space size: 1073741824 Address: 0x0000000100000000

Heap:
 garbage-first heap   total 98304K, used 53160K [0x00000000a1c00000, 0x0000000100000000)
  region size 1024K, 51 young (52224K), 6 survivors (6144K)
 Metaspace       used 23830K, capacity 24366K, committed 24704K, reserved 1071104K
  class space    used 2429K, capacity 2577K, committed 2688K, reserved 1048576K
Heap Regions: E=young(eden), S=young(survivor), O=old, HS=humongous(starts), HC=humongous(continues), CS=collection set, F=free, A=archive, TS=gc time stamp, AC=allocation context, TAMS=top-at-mark-start (previous, next)
|   0|0x00000000a1c00000, 0x00000000a1d00000, 0x00000000a1d00000|100%| O|  |TS  0|AC  0|TAMS 0x00000000a1d00000, 0x00000000a1d00000|
|   1|0x00000000a1d00000, 0x00000000a1e00000, 0x00000000a1e00000|100%| O|  |TS  0|AC  0|TAMS 0x00000000a1e00000, 0x00000000a1e00000|
|   2|0x00000000a1e00000, 0x00000000a1f00000, 0x00000000a1f00000|100%| O|  |TS  0|AC  0|TAMS 0x00000000a1f00000, 0x00000000a1f00000|
|   3|0x00000000a1f00000, 0x00000000a1f9f340, 0x00000000a2000000| 62%| O|  |TS  1|AC  0|TAMS 0x00000000a1f47e00, 0x00000000a1f47e00|
|   4|0x00000000a2000000, 0x00000000a2000000, 0x00000000a2100000|  0%| F|  |TS  0|AC  0|TAMS 0x00000000a2000000, 0x00000000a2000000|
|   5|0x00000000a2100000, 0x00000000a2100000, 0x00000000a2200000|  0%| F|  |TS  0|AC  0|TAMS 0x00000000a2100000, 0x00000000a2100000|
|   6|0x00000000a2200000, 0x00000000a2200000, 0x00000000a2300000|  0%| F|  |TS  0|AC  0|TAMS 0x00000000a2200000, 0x00000000a2200000|
|   7|0x00000000a2300000, 0x00000000a2300000, 0x00000000a2400000|  0%| F|  |TS  0|AC  0|TAMS 0x00000000a2300000, 0x00000000a2300000|
|   8|0x00000000a2400000, 0x00000000a2400000, 0x00000000a2500000|  0%| F|  |TS  0|AC  0|TAMS 0x00000000a2400000, 0x00000000a2400000|
|   9|0x00000000a2500000, 0x00000000a2500000, 0x00000000a2600000|  0%| F|  |TS  0|AC  0|TAMS 0x00000000a2500000, 0x00000000a2500000|
|  10|0x00000000a2600000, 0x00000000a2600000, 0x00000000a2700000|  0%| F|  |TS  0|AC  0|TAMS 0x00000000a2600000, 0x00000000a2600000|
|  11|0x00000000a2700000, 0x00000000a2700000, 0x00000000a2800000|  0%| F|  |TS  0|AC  0|TAMS 0x00000000a2700000, 0x00000000a2700000|
|  12|0x00000000a2800000, 0x00000000a2800000, 0x00000000a2900000|  0%| F|  |TS  0|AC  0|TAMS 0x00000000a2800000, 0x00000000a2800000|
|  13|0x00000000a2900000, 0x00000000a2900000, 0x00000000a2a00000|  0%| F|  |TS  0|AC  0|TAMS 0x00000000a2900000, 0x00000000a2900000|
|  14|0x00000000a2a00000, 0x00000000a2a00000, 0x00000000a2b00000|  0%| F|  |TS  0|AC  0|TAMS 0x00000000a2a00000, 0x00000000a2a00000|
|  15|0x00000000a2b00000, 0x00000000a2b00000, 0x00000000a2c00000|  0%| F|  |TS  0|AC  0|TAMS 0x00000000a2b00000, 0x00000000a2b00000|
|  16|0x00000000a2c00000, 0x00000000a2c00000, 0x00000000a2d00000|  0%| F|  |TS  0|AC  0|TAMS 0x00000000a2c00000, 0x00000000a2c00000|
|  17|0x00000000a2d00000, 0x00000000a2d00000, 0x00000000a2e00000|  0%| F|  |TS  0|AC  0|TAMS 0x00000000a2d00000, 0x00000000a2d00000|
|  18|0x00000000a2e00000, 0x00000000a2e00000, 0x00000000a2f00000|  0%| F|  |TS  0|AC  0|TAMS 0x00000000a2e00000, 0x00000000a2e00000|
|  19|0x00000000a2f00000, 0x00000000a2f00000, 0x00000000a3000000|  0%| F|  |TS  0|AC  0|TAMS 0x00000000a2f00000, 0x00000000a2f00000|
|  20|0x00000000a3000000, 0x00000000a3000000, 0x00000000a3100000|  0%| F|  |TS  0|AC  0|TAMS 0x00000000a3000000, 0x00000000a3000000|
|  21|0x00000000a3100000, 0x00000000a3100000, 0x00000000a3200000|  0%| F|  |TS  0|AC  0|TAMS 0x00000000a3100000, 0x00000000a3100000|
|  22|0x00000000a3200000, 0x00000000a3200000, 0x00000000a3300000|  0%| F|  |TS  0|AC  0|TAMS 0x00000000a3200000, 0x00000000a3200000|
|  23|0x00000000a3300000, 0x00000000a3300000, 0x00000000a3400000|  0%| F|  |TS  0|AC  0|TAMS 0x00000000a3300000, 0x00000000a3300000|
|  24|0x00000000a3400000, 0x00000000a3400000, 0x00000000a3500000|  0%| F|  |TS  0|AC  0|TAMS 0x00000000a3400000, 0x00000000a3400000|
|  25|0x00000000a3500000, 0x00000000a3500000, 0x00000000a3600000|  0%| F|  |TS  0|AC  0|TAMS 0x00000000a3500000, 0x00000000a3500000|
|  26|0x00000000a3600000, 0x00000000a3600000, 0x00000000a3700000|  0%| F|  |TS  0|AC  0|TAMS 0x00000000a3600000, 0x00000000a3600000|
|  27|0x00000000a3700000, 0x00000000a3700000, 0x00000000a3800000|  0%| F|  |TS  0|AC  0|TAMS 0x00000000a3700000, 0x00000000a3700000|
|  28|0x00000000a3800000, 0x00000000a3800000, 0x00000000a3900000|  0%| F|  |TS  0|AC  0|TAMS 0x00000000a3800000, 0x00000000a3800000|
|  29|0x00000000a3900000, 0x00000000a3900000, 0x00000000a3a00000|  0%| F|  |TS  0|AC  0|TAMS 0x00000000a3900000, 0x00000000a3900000|
|  30|0x00000000a3a00000, 0x00000000a3a00000, 0x00000000a3b00000|  0%| F|  |TS  0|AC  0|TAMS 0x00000000a3a00000, 0x00000000a3a00000|
|  31|0x00000000a3b00000, 0x00000000a3b00000, 0x00000000a3c00000|  0%| F|  |TS  0|AC  0|TAMS 0x00000000a3b00000, 0x00000000a3b00000|
|  32|0x00000000a3c00000, 0x00000000a3c00000, 0x00000000a3d00000|  0%| F|  |TS  0|AC  0|TAMS 0x00000000a3c00000, 0x00000000a3c00000|
|  33|0x00000000a3d00000, 0x00000000a3d00000, 0x00000000a3e00000|  0%| F|  |TS  0|AC  0|TAMS 0x00000000a3d00000, 0x00000000a3d00000|
|  34|0x00000000a3e00000, 0x00000000a3e00000, 0x00000000a3f00000|  0%| F|  |TS  0|AC  0|TAMS 0x00000000a3e00000, 0x00000000a3e00000|
|  35|0x00000000a3f00000, 0x00000000a3f00000, 0x00000000a4000000|  0%| F|  |TS  0|AC  0|TAMS 0x00000000a3f00000, 0x00000000a3f00000|
|  36|0x00000000a4000000, 0x00000000a4000000, 0x00000000a4100000|  0%| F|  |TS  0|AC  0|TAMS 0x00000000a4000000, 0x00000000a4000000|
|  37|0x00000000a4100000, 0x00000000a4100000, 0x00000000a4200000|  0%| F|  |TS  0|AC  0|TAMS 0x00000000a4100000, 0x00000000a4100000|
|  38|0x00000000a4200000, 0x00000000a4200000, 0x00000000a4300000|  0%| F|  |TS  0|AC  0|TAMS 0x00000000a4200000, 0x00000000a4200000|
|  39|0x00000000a4300000, 0x00000000a4300000, 0x00000000a4400000|  0%| F|  |TS  0|AC  0|TAMS 0x00000000a4300000, 0x00000000a4300000|
|  40|0x00000000a4400000, 0x00000000a4400000, 0x00000000a4500000|  0%| F|  |TS  0|AC  0|TAMS 0x00000000a4400000, 0x00000000a4400000|
|  41|0x00000000a4500000, 0x00000000a45e0ac0, 0x00000000a4600000| 87%| S|  |TS  1|AC  0|TAMS 0x00000000a4500000, 0x00000000a4500000|
|  42|0x00000000a4600000, 0x00000000a4700000, 0x00000000a4700000|100%| S|  |TS  1|AC  0|TAMS 0x00000000a4600000, 0x00000000a4600000|
|  43|0x00000000a4700000, 0x00000000a4800000, 0x00000000a4800000|100%| S|  |TS  1|AC  0|TAMS 0x00000000a4700000, 0x00000000a4700000|
|  44|0x00000000a4800000, 0x00000000a4900000, 0x00000000a4900000|100%| S|  |TS  1|AC  0|TAMS 0x00000000a4800000, 0x00000000a4800000|
|  45|0x00000000a4900000, 0x00000000a4a00000, 0x00000000a4a00000|100%| S|  |TS  1|AC  0|TAMS 0x00000000a4900000, 0x00000000a4900000|
|  46|0x00000000a4a00000, 0x00000000a4b00000, 0x00000000a4b00000|100%| S|  |TS  1|AC  0|TAMS 0x00000000a4a00000, 0x00000000a4a00000|
|  47|0x00000000a4b00000, 0x00000000a4c00000, 0x00000000a4c00000|100%| E|CS|TS  0|AC  0|TAMS 0x00000000a4b00000, 0x00000000a4b00000|
|  48|0x00000000a4c00000, 0x00000000a4d00000, 0x00000000a4d00000|100%| E|CS|TS  0|AC  0|TAMS 0x00000000a4c00000, 0x00000000a4c00000|
|  49|0x00000000a4d00000, 0x00000000a4e00000, 0x00000000a4e00000|100%| E|CS|TS  0|AC  0|TAMS 0x00000000a4d00000, 0x00000000a4d00000|
|  50|0x00000000a4e00000, 0x00000000a4f00000, 0x00000000a4f00000|100%| E|CS|TS  0|AC  0|TAMS 0x00000000a4e00000, 0x00000000a4e00000|
|  51|0x00000000a4f00000, 0x00000000a5000000, 0x00000000a5000000|100%| E|CS|TS  0|AC  0|TAMS 0x00000000a4f00000, 0x00000000a4f00000|
|  52|0x00000000a5000000, 0x00000000a5100000, 0x00000000a5100000|100%| E|CS|TS  0|AC  0|TAMS 0x00000000a5000000, 0x00000000a5000000|
|  53|0x00000000a5100000, 0x00000000a5200000, 0x00000000a5200000|100%| E|CS|TS  0|AC  0|TAMS 0x00000000a5100000, 0x00000000a5100000|
|  54|0x00000000a5200000, 0x00000000a5300000, 0x00000000a5300000|100%| E|CS|TS  0|AC  0|TAMS 0x00000000a5200000, 0x00000000a5200000|
|  55|0x00000000a5300000, 0x00000000a5400000, 0x00000000a5400000|100%| E|CS|TS  0|AC  0|TAMS 0x00000000a5300000, 0x00000000a5300000|
|  56|0x00000000a5400000, 0x00000000a5500000, 0x00000000a5500000|100%| E|CS|TS  0|AC  0|TAMS 0x00000000a5400000, 0x00000000a5400000|
|  57|0x00000000a5500000, 0x00000000a5600000, 0x00000000a5600000|100%| E|CS|TS  0|AC  0|TAMS 0x00000000a5500000, 0x00000000a5500000|
|  58|0x00000000a5600000, 0x00000000a5700000, 0x00000000a5700000|100%| E|CS|TS  0|AC  0|TAMS 0x00000000a5600000, 0x00000000a5600000|
|  59|0x00000000a5700000, 0x00000000a5800000, 0x00000000a5800000|100%| E|CS|TS  0|AC  0|TAMS 0x00000000a5700000, 0x00000000a5700000|
|  60|0x00000000a5800000, 0x00000000a5900000, 0x00000000a5900000|100%| E|CS|TS  0|AC  0|TAMS 0x00000000a5800000, 0x00000000a5800000|
|  61|0x00000000a5900000, 0x00000000a59a2248, 0x00000000a5a00000| 63%| E|CS|TS  0|AC  0|TAMS 0x00000000a5900000, 0x00000000a5900000|
|  62|0x00000000a5a00000, 0x00000000a5b00000, 0x00000000a5b00000|100%| E|CS|TS  0|AC  0|TAMS 0x00000000a5a00000, 0x00000000a5a00000|
|  63|0x00000000a5b00000, 0x00000000a5c00000, 0x00000000a5c00000|100%| E|CS|TS  0|AC  0|TAMS 0x00000000a5b00000, 0x00000000a5b00000|
|  64|0x00000000a5c00000, 0x00000000a5d00000, 0x00000000a5d00000|100%| E|CS|TS  0|AC  0|TAMS 0x00000000a5c00000, 0x00000000a5c00000|
|  65|0x00000000a5d00000, 0x00000000a5e00000, 0x00000000a5e00000|100%| E|CS|TS  0|AC  0|TAMS 0x00000000a5d00000, 0x00000000a5d00000|
|  66|0x00000000a5e00000, 0x00000000a5f00000, 0x00000000a5f00000|100%| E|CS|TS  0|AC  0|TAMS 0x00000000a5e00000, 0x00000000a5e00000|
|  67|0x00000000a5f00000, 0x00000000a6000000, 0x00000000a6000000|100%| E|CS|TS  0|AC  0|TAMS 0x00000000a5f00000, 0x00000000a5f00000|
|  68|0x00000000a6000000, 0x00000000a6100000, 0x00000000a6100000|100%| E|CS|TS  0|AC  0|TAMS 0x00000000a6000000, 0x00000000a6000000|
|  69|0x00000000a6100000, 0x00000000a6200000, 0x00000000a6200000|100%| E|CS|TS  0|AC  0|TAMS 0x00000000a6100000, 0x00000000a6100000|
|  70|0x00000000a6200000, 0x00000000a6300000, 0x00000000a6300000|100%| E|CS|TS  0|AC  0|TAMS 0x00000000a6200000, 0x00000000a6200000|
|  71|0x00000000a6300000, 0x00000000a6400000, 0x00000000a6400000|100%| E|CS|TS  0|AC  0|TAMS 0x00000000a6300000, 0x00000000a6300000|
|  72|0x00000000a6400000, 0x00000000a6500000, 0x00000000a6500000|100%| E|CS|TS  0|AC  0|TAMS 0x00000000a6400000, 0x00000000a6400000|
|  73|0x00000000a6500000, 0x00000000a6600000, 0x00000000a6600000|100%| E|CS|TS  0|AC  0|TAMS 0x00000000a6500000, 0x00000000a6500000|
|  74|0x00000000a6600000, 0x00000000a6700000, 0x00000000a6700000|100%| E|CS|TS  0|AC  0|TAMS 0x00000000a6600000, 0x00000000a6600000|
|  75|0x00000000a6700000, 0x00000000a6800000, 0x00000000a6800000|100%| E|CS|TS  0|AC  0|TAMS 0x00000000a6700000, 0x00000000a6700000|
|  76|0x00000000a6800000, 0x00000000a6900000, 0x00000000a6900000|100%| E|CS|TS  0|AC  0|TAMS 0x00000000a6800000, 0x00000000a6800000|
|  77|0x00000000a6900000, 0x00000000a6a00000, 0x00000000a6a00000|100%| E|CS|TS  0|AC  0|TAMS 0x00000000a6900000, 0x00000000a6900000|
|  78|0x00000000a6a00000, 0x00000000a6b00000, 0x00000000a6b00000|100%| E|CS|TS  0|AC  0|TAMS 0x00000000a6a00000, 0x00000000a6a00000|
|  79|0x00000000a6b00000, 0x00000000a6c00000, 0x00000000a6c00000|100%| E|CS|TS  0|AC  0|TAMS 0x00000000a6b00000, 0x00000000a6b00000|
|  80|0x00000000a6c00000, 0x00000000a6d00000, 0x00000000a6d00000|100%| E|CS|TS  0|AC  0|TAMS 0x00000000a6c00000, 0x00000000a6c00000|
|  81|0x00000000a6d00000, 0x00000000a6e00000, 0x00000000a6e00000|100%| E|CS|TS  0|AC  0|TAMS 0x00000000a6d00000, 0x00000000a6d00000|
|  82|0x00000000a6e00000, 0x00000000a6f00000, 0x00000000a6f00000|100%| E|CS|TS  0|AC  0|TAMS 0x00000000a6e00000, 0x00000000a6e00000|
|  83|0x00000000a6f00000, 0x00000000a7000000, 0x00000000a7000000|100%| E|CS|TS  0|AC  0|TAMS 0x00000000a6f00000, 0x00000000a6f00000|
|  84|0x00000000a7000000, 0x00000000a7100000, 0x00000000a7100000|100%| E|CS|TS  0|AC  0|TAMS 0x00000000a7000000, 0x00000000a7000000|
|  85|0x00000000a7100000, 0x00000000a7200000, 0x00000000a7200000|100%| E|CS|TS  0|AC  0|TAMS 0x00000000a7100000, 0x00000000a7100000|
|  86|0x00000000a7200000, 0x00000000a7300000, 0x00000000a7300000|100%| E|CS|TS  0|AC  0|TAMS 0x00000000a7200000, 0x00000000a7200000|
|  87|0x00000000a7300000, 0x00000000a7400000, 0x00000000a7400000|100%| E|CS|TS  0|AC  0|TAMS 0x00000000a7300000, 0x00000000a7300000|
|  88|0x00000000a7400000, 0x00000000a7500000, 0x00000000a7500000|100%| E|CS|TS  0|AC  0|TAMS 0x00000000a7400000, 0x00000000a7400000|
|  89|0x00000000a7500000, 0x00000000a7600000, 0x00000000a7600000|100%| E|CS|TS  0|AC  0|TAMS 0x00000000a7500000, 0x00000000a7500000|
|  90|0x00000000a7600000, 0x00000000a7700000, 0x00000000a7700000|100%| E|CS|TS  0|AC  0|TAMS 0x00000000a7600000, 0x00000000a7600000|
|  91|0x00000000a7700000, 0x00000000a7800000, 0x00000000a7800000|100%| E|CS|TS  0|AC  0|TAMS 0x00000000a7700000, 0x00000000a7700000|
|  92|0x00000000a7800000, 0x00000000a7900000, 0x00000000a7900000|100%| E|CS|TS  0|AC  0|TAMS 0x00000000a7800000, 0x00000000a7800000|
|  93|0x00000000a7900000, 0x00000000a7a00000, 0x00000000a7a00000|100%| E|CS|TS  0|AC  0|TAMS 0x00000000a7900000, 0x00000000a7900000|
|  94|0x00000000a7a00000, 0x00000000a7b00000, 0x00000000a7b00000|100%| E|CS|TS  0|AC  0|TAMS 0x00000000a7a00000, 0x00000000a7a00000|
|  95|0x00000000a7b00000, 0x00000000a7c00000, 0x00000000a7c00000|100%| E|CS|TS  0|AC  0|TAMS 0x00000000a7b00000, 0x00000000a7b00000|

Card table byte_map: [0x00000063f5d80000,0x00000063f6080000] byte_map_base: 0x00000063f5872000

Marking Bits (Prev, Next): (CMBitMap*) 0x00000063dad20738, (CMBitMap*) 0x00000063dad20700
 Prev Bits: [0x00000063f7b10000, 0x00000063f92a0000)
 Next Bits: [0x00000063f6380000, 0x00000063f7b10000)

Polling page: 0x00000063d9210000

CodeHeap 'non-profiled nmethods': size=120064Kb used=1615Kb max_used=1615Kb free=118448Kb
 bounds [0x00000063edb20000, 0x00000063edd90000, 0x00000063f5060000]
CodeHeap 'profiled nmethods': size=120000Kb used=7518Kb max_used=7518Kb free=112481Kb
 bounds [0x00000063e65f0000, 0x00000063e6d50000, 0x00000063edb20000]
CodeHeap 'non-nmethods': size=5696Kb used=1112Kb max_used=1161Kb free=4583Kb
 bounds [0x00000063e6060000, 0x00000063e62d0000, 0x00000063e65f0000]
 total_blobs=4751 nmethods=3552 adapters=341
 compilation: enabled

Compilation events (10 events):
Event: 3.328 Thread 0x00000063fc7b2800 3550       1       java.lang.invoke.InnerClassLambdaMetafactory::access$300 (5 bytes)
Event: 3.328 Thread 0x00000063fc7b2800 nmethod 3550 0x00000063edcb3310 code [0x00000063edcb34c0, 0x00000063edcb35b8]
Event: 3.338 Thread 0x00000063fc7b2800 3551       1       jdk.internal.module.SystemModuleFinders$SystemImage::reader (4 bytes)
Event: 3.338 Thread 0x00000063fc7b2800 nmethod 3551 0x00000063edcb3690 code [0x00000063edcb3840, 0x00000063edcb3938]
Event: 3.338 Thread 0x00000063fc7b2800 3552       3       java.util.JumboEnumSet$EnumSetIterator::hasNext (67 bytes)
Event: 3.339 Thread 0x00000063fc7b2800 nmethod 3552 0x00000063e6d45c10 code [0x00000063e6d45de0, 0x00000063e6d460f8]
Event: 3.339 Thread 0x00000063fc7b2800 3553       3       sun.nio.fs.NativeBuffers::releaseNativeBuffer (97 bytes)
Event: 3.340 Thread 0x00000063fc7b2800 nmethod 3553 0x00000063e6d46210 code [0x00000063e6d464e0, 0x00000063e6d47620]
Event: 3.341 Thread 0x00000063fc7ae000 3554       4       java.lang.Character::toUpperCase (6 bytes)
Event: 3.343 Thread 0x00000063fc7ae000 nmethod 3554 0x00000063edcb3990 code [0x00000063edcb3c00, 0x00000063edcb3d78]

GC Heap History (9 events):
Event: 0.615 GC heap before
{Heap before GC invocations=0 (full 0):
 garbage-first heap   total 98304K, used 14336K [0x00000000a1c00000, 0x0000000100000000)
  region size 1024K, 14 young (14336K), 0 survivors (0K)
 Metaspace       used 10721K, capacity 10961K, committed 11136K, reserved 1058816K
  class space    used 975K, capacity 1040K, committed 1152K, reserved 1048576K
}
Event: 0.620 GC heap after
{Heap after GC invocations=1 (full 0):
 garbage-first heap   total 98304K, used 3225K [0x00000000a1c00000, 0x0000000100000000)
  region size 1024K, 2 young (2048K), 2 survivors (2048K)
 Metaspace       used 10721K, capacity 10961K, committed 11136K, reserved 1058816K
  class space    used 975K, capacity 1040K, committed 1152K, reserved 1048576K
}
Event: 0.836 GC heap before
{Heap before GC invocations=1 (full 0):
 garbage-first heap   total 98304K, used 12441K [0x00000000a1c00000, 0x0000000100000000)
  region size 1024K, 11 young (11264K), 2 survivors (2048K)
 Metaspace       used 12680K, capacity 12954K, committed 13184K, reserved 1060864K
  class space    used 1229K, capacity 1343K, committed 1408K, reserved 1048576K
}
Event: 0.841 GC heap after
{Heap after GC invocations=2 (full 0):
 garbage-first heap   total 98304K, used 4000K [0x00000000a1c00000, 0x0000000100000000)
  region size 1024K, 1 young (1024K), 1 survivors (1024K)
 Metaspace       used 12680K, capacity 12954K, committed 13184K, reserved 1060864K
  class space    used 1229K, capacity 1343K, committed 1408K, reserved 1048576K
}
Event: 1.390 GC heap before
{Heap before GC invocations=2 (full 0):
 garbage-first heap   total 98304K, used 30624K [0x00000000a1c00000, 0x0000000100000000)
  region size 1024K, 27 young (27648K), 1 survivors (1024K)
 Metaspace       used 15978K, capacity 16260K, committed 16640K, reserved 1064960K
  class space    used 1618K, capacity 1739K, committed 1792K, reserved 1048576K
}
Event: 1.393 GC heap after
{Heap after GC invocations=3 (full 0):
 garbage-first heap   total 98304K, used 4761K [0x00000000a1c00000, 0x0000000100000000)
  region size 1024K, 2 young (2048K), 2 survivors (2048K)
 Metaspace       used 15978K, capacity 16260K, committed 16640K, reserved 1064960K
  class space    used 1618K, capacity 1739K, committed 1792K, reserved 1048576K
}
Event: 2.248 GC heap before
{Heap before GC invocations=3 (full 0):
 garbage-first heap   total 98304K, used 33433K [0x00000000a1c00000, 0x0000000100000000)
  region size 1024K, 31 young (31744K), 2 survivors (2048K)
 Metaspace       used 20674K, capacity 21015K, committed 21248K, reserved 1069056K
  class space    used 2113K, capacity 2241K, committed 2304K, reserved 1048576K
}
Event: 2.257 GC heap after
{Heap after GC invocations=4 (full 0):
 garbage-first heap   total 98304K, used 7080K [0x00000000a1c00000, 0x0000000100000000)
  region size 1024K, 4 young (4096K), 4 survivors (4096K)
 Metaspace       used 20674K, capacity 21015K, committed 21248K, reserved 1069056K
  class space    used 2113K, capacity 2241K, committed 2304K, reserved 1048576K
}
Event: 3.345 GC heap before
{Heap before GC invocations=5 (full 0):
 garbage-first heap   total 98304K, used 53160K [0x00000000a1c00000, 0x0000000100000000)
  region size 1024K, 49 young (50176K), 4 survivors (4096K)
 Metaspace       used 23830K, capacity 24366K, committed 24704K, reserved 1071104K
  class space    used 2429K, capacity 2577K, committed 2688K, reserved 1048576K
}

Deoptimization events (10 events):
Event: 2.689 Thread 0x00000063d941c800 Uncommon trap: reason=predicate action=maybe_recompile pc=0x00000063edc577f0 method=java.util.TimSort.binarySort([Ljava/lang/Object;IIILjava/util/Comparator;)V @ 37 c2
Event: 2.723 Thread 0x00000063d941c800 Uncommon trap: reason=intrinsic_or_type_checked_inlining action=make_not_entrant pc=0x00000063edc51b68 method=java.util.Arrays.copyOf([Ljava/lang/Object;ILjava/lang/Class;)[Ljava/lang/Object; @ 35 c2
Event: 2.723 Thread 0x00000063d941c800 Uncommon trap: reason=array_check action=maybe_recompile pc=0x00000063edc51198 method=java.util.AbstractCollection.toArray([Ljava/lang/Object;)[Ljava/lang/Object; @ 116 c2
Event: 2.723 Thread 0x00000063d941c800 Uncommon trap: reason=array_check action=maybe_recompile pc=0x00000063edc51198 method=java.util.AbstractCollection.toArray([Ljava/lang/Object;)[Ljava/lang/Object; @ 116 c2
Event: 2.723 Thread 0x00000063d941c800 Uncommon trap: reason=array_check action=maybe_recompile pc=0x00000063edc51198 method=java.util.AbstractCollection.toArray([Ljava/lang/Object;)[Ljava/lang/Object; @ 116 c2
Event: 2.723 Thread 0x00000063d941c800 Uncommon trap: reason=array_check action=maybe_recompile pc=0x00000063edc51198 method=java.util.AbstractCollection.toArray([Ljava/lang/Object;)[Ljava/lang/Object; @ 116 c2
Event: 2.945 Thread 0x00000063d941c800 Uncommon trap: reason=unstable_if action=reinterpret pc=0x00000063edc60964 method=org.apache.maven.model.io.xpp3.MavenXpp3Reader.nextTag(Lorg/codehaus/plexus/util/xml/pull/XmlPullParser;)I @ 9 c2
Event: 3.009 Thread 0x00000063d941c800 Uncommon trap: reason=unstable_if action=reinterpret pc=0x00000063edc264d4 method=java.lang.StringLatin1.trim([B)Ljava/lang/String; @ 60 c2
Event: 3.059 Thread 0x00000063d941c800 Uncommon trap: reason=unstable_if action=reinterpret pc=0x00000063edc1da40 method=java.lang.StringLatin1.trim([B)Ljava/lang/String; @ 60 c2
Event: 3.260 Thread 0x00000063d941c800 Uncommon trap: reason=unstable_if action=reinterpret pc=0x00000063edbaec30 method=jdk.internal.jimage.BasicImageReader.findLocation(Ljava/lang/String;Ljava/lang/String;)Ljdk/internal/jimage/ImageLocation; @ 96 c2

Classes redefined (0 events):
No events

Internal exceptions (10 events):
Event: 0.402 Thread 0x00000063d941c800 Exception <a 'java/lang/NoSuchMethodError'{0x00000000a7321428}: java.lang.Object.lambda$union$1(Ljava/util/regex/Pattern$CharPredicate;I)Z> (0x00000000a7321428) thrown at [t:/workspace/open/src/hotspot/share/interpreter/linkResolver.cpp, line 741]
Event: 0.699 Thread 0x00000063d941c800 Exception <a 'java/lang/NoSuchMethodError'{0x00000000a78372b8}: java.lang.invoke.DirectMethodHandle$Holder.invokeInterface(Ljava/lang/Object;Ljava/lang/Object;Ljava/lang/Object;)I> (0x00000000a78372b8) thrown at [t:/workspace/open/src/hotspot/share/interp
Event: 0.703 Thread 0x00000063d941c800 Exception <a 'java/lang/NoSuchMethodError'{0x00000000a784c5d8}: java.lang.Object.of([Ljava/lang/Object;)Ljava/util/stream/Stream;> (0x00000000a784c5d8) thrown at [t:/workspace/open/src/hotspot/share/interpreter/linkResolver.cpp, line 741]
Event: 1.686 Thread 0x00000063d941c800 Exception <a 'java/lang/NoClassDefFoundError'{0x00000000a71c5870}: com/google/inject/servlet/ServletModuleTargetVisitor> (0x00000000a71c5870) thrown at [t:/workspace/open/src/hotspot/share/classfile/systemDictionary.cpp, line 222]
Event: 1.686 Thread 0x00000063d941c800 Exception <a 'java/lang/NoClassDefFoundError'{0x00000000a71c5870}> (0x00000000a71c5870) thrown at [t:/workspace/open/src/hotspot/share/prims/jvm.cpp, line 1349]
Event: 1.686 Thread 0x00000063d941c800 Exception <a 'java/lang/NoClassDefFoundError'{0x00000000a71c8920}: javax/annotation/Priority> (0x00000000a71c8920) thrown at [t:/workspace/open/src/hotspot/share/classfile/systemDictionary.cpp, line 222]
Event: 1.757 Thread 0x00000063d941c800 Exception <a 'java/lang/NoSuchMethodError'{0x00000000a6f20518}: method resolution failed> (0x00000000a6f20518) thrown at [t:/workspace/open/src/hotspot/share/prims/methodHandles.cpp, line 1226]
Event: 1.758 Thread 0x00000063d941c800 Exception <a 'java/lang/NoSuchMethodError'{0x00000000a6f24930}: java.lang.invoke.DirectMethodHandle$Holder.invokeStaticInit(Ljava/lang/Object;IIII)Ljava/lang/Object;> (0x00000000a6f24930) thrown at [t:/workspace/open/src/hotspot/share/interpreter/linkReso
Event: 2.268 Thread 0x00000063d941c800 Implicit null exception at 0x00000063edbc90f5 to 0x00000063edbc92ba
Event: 3.340 Thread 0x00000063d941c800 Exception <a 'sun/nio/fs/WindowsException'{0x00000000a4bf0918}> (0x00000000a4bf0918) thrown at [t:/workspace/open/src/hotspot/share/prims/jni.cpp, line 611]

Events (10 events):
Event: 3.344 loading class java/nio/channels/AsynchronousChannel
Event: 3.344 loading class java/nio/channels/AsynchronousChannel done
Event: 3.344 loading class java/nio/channels/AsynchronousFileChannel done
Event: 3.344 loading class java/nio/file/FileStore
Event: 3.344 loading class java/nio/file/FileStore done
Event: 3.344 loading class java/nio/file/DirectoryStream$Filter
Event: 3.344 loading class java/nio/file/DirectoryStream$Filter done
Event: 3.344 loading class jdk/internal/jrtfs/JrtFileSystemProvider
Event: 3.345 loading class jdk/internal/jrtfs/JrtFileSystemProvider done
Event: 3.345 Executing VM operation: G1IncCollectionPause


Dynamic libraries:
0x00007ff6a4a40000 - 0x00007ff6a4a7e000 	C:\Program Files\Java\jdk-10.0.2\bin\java.exe
0x00007fffcbd00000 - 0x00007fffcbead000 	C:\WINDOWS\SYSTEM32\ntdll.dll
0x00007fffc9f60000 - 0x00007fffca09e000 	C:\WINDOWS\system32\KERNEL32.DLL
0x00007fffc8f00000 - 0x00007fffc9016000 	C:\WINDOWS\system32\KERNELBASE.dll
0x00007fffc9ea0000 - 0x00007fffc9f4a000 	C:\WINDOWS\system32\ADVAPI32.dll
0x00007fffc97c0000 - 0x00007fffc9937000 	C:\WINDOWS\system32\USER32.dll
0x00007fffc6ab0000 - 0x00007fffc6d2b000 	C:\WINDOWS\WinSxS\amd64_microsoft.windows.common-controls_6595b64144ccf1df_6.0.9600.18006_none_623f33d3ecbe86e8\COMCTL32.dll
0x00007fffc68a0000 - 0x00007fffc68aa000 	C:\WINDOWS\SYSTEM32\VERSION.dll
0x00007fffc9c40000 - 0x00007fffc9cea000 	C:\WINDOWS\system32\msvcrt.dll
0x00007fffcbca0000 - 0x00007fffcbcf9000 	C:\WINDOWS\SYSTEM32\sechost.dll
0x00007fffc9680000 - 0x00007fffc97c0000 	C:\WINDOWS\system32\RPCRT4.dll
0x00007fffc9d50000 - 0x00007fffc9e9c000 	C:\WINDOWS\system32\GDI32.dll
0x00007fffc9360000 - 0x00007fffc938e000 	C:\WINDOWS\system32\SspiCli.dll
0x00007fffc9390000 - 0x00007fffc93c6000 	C:\WINDOWS\system32\IMM32.DLL
0x00007fffc9960000 - 0x00007fffc9ab1000 	C:\WINDOWS\system32\MSCTF.dll
0x00007fffb3d90000 - 0x00007fffb3e7f000 	C:\Program Files\Java\jdk-10.0.2\bin\msvcr120.dll
0x00007fffb48e0000 - 0x00007fffb4986000 	C:\Program Files\Java\jdk-10.0.2\bin\msvcp120.dll
0x00000000596d0000 - 0x000000005a140000 	C:\Program Files\Java\jdk-10.0.2\bin\server\jvm.dll
0x00007fffc09b0000 - 0x00007fffc09b9000 	C:\WINDOWS\SYSTEM32\WSOCK32.dll
0x00007fffc6510000 - 0x00007fffc6532000 	C:\WINDOWS\SYSTEM32\WINMM.dll
0x00007fffcba80000 - 0x00007fffcba87000 	C:\WINDOWS\system32\PSAPI.DLL
0x00007fffc9be0000 - 0x00007fffc9c3a000 	C:\WINDOWS\system32\WS2_32.dll
0x00007fffbe6f0000 - 0x00007fffbe71a000 	C:\WINDOWS\SYSTEM32\WINMMBASE.dll
0x00007fffc9950000 - 0x00007fffc9959000 	C:\WINDOWS\system32\NSI.dll
0x00007fffc9080000 - 0x00007fffc90cf000 	C:\WINDOWS\SYSTEM32\cfgmgr32.dll
0x00007fffc7c40000 - 0x00007fffc7c68000 	C:\WINDOWS\SYSTEM32\DEVOBJ.dll
0x00007fffbd3a0000 - 0x00007fffbd3af000 	C:\Program Files\Java\jdk-10.0.2\bin\verify.dll
0x00007fffbceb0000 - 0x00007fffbd039000 	C:\WINDOWS\SYSTEM32\DBGHELP.DLL
0x00007fffbd370000 - 0x00007fffbd397000 	C:\Program Files\Java\jdk-10.0.2\bin\java.dll
0x00007fffbd350000 - 0x00007fffbd366000 	C:\Program Files\Java\jdk-10.0.2\bin\zip.dll
0x00007fffbc9c0000 - 0x00007fffbc9ca000 	C:\Program Files\Java\jdk-10.0.2\bin\jimage.dll
0x00007fffca300000 - 0x00007fffcb82b000 	C:\WINDOWS\system32\SHELL32.dll
0x00007fffcba90000 - 0x00007fffcbca0000 	C:\WINDOWS\SYSTEM32\combase.dll
0x00007fffc9ac0000 - 0x00007fffc9b14000 	C:\WINDOWS\system32\SHLWAPI.dll
0x00007fffc7210000 - 0x00007fffc72c2000 	C:\WINDOWS\SYSTEM32\SHCORE.dll
0x00007fffc8e30000 - 0x00007fffc8e45000 	C:\WINDOWS\SYSTEM32\profapi.dll
0x00007fffbb030000 - 0x00007fffbb04a000 	C:\Program Files\Java\jdk-10.0.2\bin\net.dll
0x00007fffc0c00000 - 0x00007fffc0cc9000 	C:\WINDOWS\SYSTEM32\WINHTTP.dll
0x00007fffc86c0000 - 0x00007fffc8719000 	C:\WINDOWS\system32\mswsock.dll
0x00007fffbb010000 - 0x00007fffbb021000 	C:\Program Files\Java\jdk-10.0.2\bin\nio.dll
0x00007fffbc890000 - 0x00007fffbc89a000 	C:\Program Files\apache-maven-3.6.2\lib\jansi-native\windows64\jansi.dll

dbghelp: loaded successfully - version: 4.0.5 - missing functions: none
symbol engine: initialized successfully - sym options: 0x614 - pdb path: .;C:\Program Files\Java\jdk-10.0.2\bin;C:\WINDOWS\SYSTEM32;C:\WINDOWS\WinSxS\amd64_microsoft.windows.common-controls_6595b64144ccf1df_6.0.9600.18006_none_623f33d3ecbe86e8;C:\Program Files\Java\jdk-10.0.2\bin\server;C:\Program Files\apache-maven-3.6.2\lib\jansi-native\windows64

VM Arguments:
jvm_args: -Dclassworlds.conf=C:\Program Files\apache-maven-3.6.2\bin\..\bin\m2.conf -Dmaven.home=C:\Program Files\apache-maven-3.6.2\bin\.. -Dlibrary.jansi.path=C:\Program Files\apache-maven-3.6.2\bin\..\lib\jansi-native -Dmaven.multiModuleProjectDirectory=C:\Users\Вова\IdeaProjects\task_1_netcracker 
java_command: org.codehaus.plexus.classworlds.launcher.Launcher clean install
java_class_path (initial): C:\Program Files\apache-maven-3.6.2\bin\..\boot\plexus-classworlds-2.6.0.jar
Launcher Type: SUN_STANDARD

Logging:
Log output configuration:
#0: stdout all=warning uptime,level,tags
#1: stderr all=off uptime,level,tags

Environment Variables:
JAVA_HOME=C:\Program Files\Java\jdk-10.0.2
PATH=C:\Program Files (x86)\Common Files\Oracle\Java\javapath;C:\oraclexe\app\oracle\product\11.2.0\server\bin;C:\Program Files (x86)\NVIDIA Corporation\PhysX\Common;C:\Program Files (x86)\AMD APP\bin\x86_64;C:\Program Files (x86)\AMD APP\bin\x86;C:\Program Files (x86)\Intel\iCLS Client\;C:\Program Files\Intel\iCLS Client\;C:\WINDOWS\system32;C:\WINDOWS;C:\WINDOWS\System32\Wbem;C:\WINDOWS\System32\WindowsPowerShell\v1.0\;C:\Program Files\Intel\Intel(R) Management Engine Components\DAL;C:\Program Files\Intel\Intel(R) Management Engine Components\IPT;C:\Program Files (x86)\Intel\Intel(R) Management Engine Components\DAL;C:\Program Files (x86)\Intel\Intel(R) Management Engine Components\IPT;C:\Program Files (x86)\Intel\OpenCL SDK\2.0\bin\x86;C:\Program Files (x86)\Intel\OpenCL SDK\2.0\bin\x64;C:\Program Files (x86)\ATI Technologies\ATI.ACE\Core-Static;C:\Program Files (x86)\Windows Live\Shared;C:\Program Files\dotnet\;C:\Program Files\Microsoft SQL Server\130\Tools\Binn\;C:\Program Files\Microsoft SQL Server\110\Tools\Binn\;C:\Other\Git\cmd;C:\Git\cmd;C:\Program Files\apache-maven-3.6.2\bin;C:\Program Files\Java\jdk-10.0.2\bin
USERNAME=Вова
OS=Windows_NT
PROCESSOR_IDENTIFIER=Intel64 Family 6 Model 58 Stepping 9, GenuineIntel



---------------  S Y S T E M  ---------------

OS: Windows 8.1 , 64 bit Build 9600 (6.3.9600.17415)

CPU:total 4 (initial active 4) (2 cores per cpu, 2 threads per core) family 6 model 58 stepping 9, cmov, cx8, fxsr, mmx, sse, sse2, sse3, ssse3, sse4.1, sse4.2, popcnt, avx, aes, clmul, erms, ht, tsc, tscinvbit, tscinv

Memory: 4k page, physical 6174256k(2698636k free), swap 12465716k(7278884k free)

vm_info: Java HotSpot(TM) 64-Bit Server VM (10.0.2+13) for windows-amd64 JRE (10.0.2+13), built on Jun 28 2018 01:57:56 by "mach5one" with MS VC++ 12.0 (VS2013)

END.
